<?xml version="1.0" encoding="UTF-8"?>
<testsuite name="SystemSetting"
           tests="6"
           failures="1"
           errors="0"
           skipped="5"
           time="12.006">
  <properties />
            <testcase name="doBeforeSuite" time="12.006" classname="com.webtest.SystemSetting.demo.commange_test">
                <failure type="org.openqa.selenium.WebDriverException"
                  message="Process unexpectedly closed with status 0
Build info: version: &apos;3.6.0&apos;, revision: &apos;6fbf3ec767&apos;, time: &apos;2017-09-27T16:15:40.131Z&apos;
System info: host: &apos;LENOVO-PC&apos;, ip: &apos;169.254.133.188&apos;, os.name: &apos;Windows 10&apos;, os.arch: &apos;amd64&apos;, os.version: &apos;10.0&apos;, java.version: &apos;9.0.4&apos;
Driver info: driver.version: FirefoxDriver
remote stacktrace: "
              >
<![CDATA[org.openqa.selenium.WebDriverException: Process unexpectedly closed with status 0
Build info: version: '3.6.0', revision: '6fbf3ec767', time: '2017-09-27T16:15:40.131Z'
System info: host: 'LENOVO-PC', ip: '169.254.133.188', os.name: 'Windows 10', os.arch: 'amd64', os.version: '10.0', java.version: '9.0.4'
Driver info: driver.version: FirefoxDriver
remote stacktrace: 
  java.base/jdk.internal.reflect.NativeConstructorAccessorImpl.newInstance0(Native Method)
  java.base/jdk.internal.reflect.NativeConstructorAccessorImpl.newInstance(Unknown Source)
  java.base/jdk.internal.reflect.DelegatingConstructorAccessorImpl.newInstance(Unknown Source)
  java.base/java.lang.reflect.Constructor.newInstance(Unknown Source)
  org.openqa.selenium.remote.W3CHandshakeResponse.lambda$new$0(W3CHandshakeResponse.java:57)
  org.openqa.selenium.remote.W3CHandshakeResponse.lambda$getResponseFunction$2(W3CHandshakeResponse.java:104)
  org.openqa.selenium.remote.ProtocolHandshake.lambda$createSession$24(ProtocolHandshake.java:359)
  java.base/java.util.stream.ReferencePipeline$3$1.accept(Unknown Source)
  java.base/java.util.Spliterators$ArraySpliterator.tryAdvance(Unknown Source)
  java.base/java.util.stream.ReferencePipeline.forEachWithCancel(Unknown Source)
  java.base/java.util.stream.AbstractPipeline.copyIntoWithCancel(Unknown Source)
  java.base/java.util.stream.AbstractPipeline.copyInto(Unknown Source)
  java.base/java.util.stream.AbstractPipeline.wrapAndCopyInto(Unknown Source)
  java.base/java.util.stream.FindOps$FindOp.evaluateSequential(Unknown Source)
  java.base/java.util.stream.AbstractPipeline.evaluate(Unknown Source)
  java.base/java.util.stream.ReferencePipeline.findFirst(Unknown Source)
  org.openqa.selenium.remote.ProtocolHandshake.createSession(ProtocolHandshake.java:362)
  org.openqa.selenium.remote.ProtocolHandshake.createSession(ProtocolHandshake.java:136)
  org.openqa.selenium.remote.HttpCommandExecutor.execute(HttpCommandExecutor.java:142)
  org.openqa.selenium.remote.service.DriverCommandExecutor.execute(DriverCommandExecutor.java:83)
  org.openqa.selenium.remote.RemoteWebDriver.execute(RemoteWebDriver.java:586)
  org.openqa.selenium.remote.RemoteWebDriver.startSession(RemoteWebDriver.java:217)
  org.openqa.selenium.remote.RemoteWebDriver.<init>(RemoteWebDriver.java:140)
  org.openqa.selenium.firefox.FirefoxDriver.<init>(FirefoxDriver.java:120)
  org.openqa.selenium.firefox.FirefoxDriver.<init>(FirefoxDriver.java:98)
  com.webtest.core.BaseTest.newWebDriver(BaseTest.java:49)
  com.webtest.core.BaseTest.doBeforeSuite(BaseTest.java:72)
  jdk.internal.reflect.GeneratedMethodAccessor3.invoke(Unknown Source)
  java.base/jdk.internal.reflect.DelegatingMethodAccessorImpl.invoke(Unknown Source)
  java.base/java.lang.reflect.Method.invoke(Unknown Source)
  org.testng.internal.MethodInvocationHelper.invokeMethod(MethodInvocationHelper.java:124)
  org.testng.internal.MethodInvocationHelper.invokeMethodConsideringTimeout(MethodInvocationHelper.java:59)
  org.testng.internal.Invoker.invokeConfigurationMethod(Invoker.java:455)
  org.testng.internal.Invoker.invokeConfigurations(Invoker.java:222)
  org.testng.internal.Invoker.invokeConfigurations(Invoker.java:142)
  org.testng.internal.TestMethodWorker.invokeBeforeClassMethods(TestMethodWorker.java:168)
  org.testng.internal.TestMethodWorker.run(TestMethodWorker.java:105)
  org.testng.TestRunner.privateRun(TestRunner.java:648)
  org.testng.TestRunner.run(TestRunner.java:505)
  org.testng.SuiteRunner.runTest(SuiteRunner.java:455)
  org.testng.SuiteRunner.runSequentially(SuiteRunner.java:450)
  org.testng.SuiteRunner.privateRun(SuiteRunner.java:415)
  org.testng.SuiteRunner.run(SuiteRunner.java:364)
  org.testng.SuiteRunnerWorker.runSuite(SuiteRunnerWorker.java:52)
  org.testng.SuiteRunnerWorker.run(SuiteRunnerWorker.java:84)
  org.testng.TestNG.runSuitesSequentially(TestNG.java:1208)
  org.testng.TestNG.runSuitesLocally(TestNG.java:1137)
  org.testng.TestNG.runSuites(TestNG.java:1049)
  org.testng.TestNG.run(TestNG.java:1017)
  org.testng.remote.AbstractRemoteTestNG.run(AbstractRemoteTestNG.java:114)
  org.testng.remote.RemoteTestNG.initAndRun(RemoteTestNG.java:251)
  org.testng.remote.RemoteTestNG.main(RemoteTestNG.java:77)
]]>
      </failure>

          </testcase>
  
            <testcase name="setup" time="0.0" classname="com.webtest.SystemSetting.demo.commange_test">
          <skipped />
    </testcase>
            <testcase name="setup" time="0.0" classname="com.webtest.SystemSetting.demo.commange_test">
          <skipped />
    </testcase>
            <testcase name="doAfterMethod" time="0.0" classname="com.webtest.SystemSetting.demo.commange_test">
          <skipped />
    </testcase>
            <testcase name="install_test" time="0.0" classname="com.webtest.SystemSetting.demo.commange_test">
          <skipped />
    </testcase>
            <testcase name="uninstall_test" time="0.0" classname="com.webtest.SystemSetting.demo.commange_test">
          <skipped />
    </testcase>
  
  
</testsuite>
