<?xml version="1.0" encoding="UTF-8"?>
<testsuite name="Knowledeg"
           tests="39"
           failures="1"
           errors="0"
           skipped="38"
           time="11.103">
  <properties />
            <testcase name="doBeforeSuite" time="11.103" classname="com.webtest.Knowledge.demo.Front_Test">
                <failure type="org.openqa.selenium.WebDriverException"
                  message="[Exception... &quot;Failure&quot;  nsresult: &quot;0x80004005 (NS_ERROR_FAILURE)&quot;  location: &quot;JS frame :: chrome://marionette/content/driver.js :: GeckoDriver.prototype.maximizeWindow/windowSizeChange/&lt; :: line 3067&quot;  data: no]
Build info: version: &apos;3.6.0&apos;, revision: &apos;6fbf3ec767&apos;, time: &apos;2017-09-27T16:15:40.131Z&apos;
System info: host: &apos;LENOVO-PC&apos;, ip: &apos;169.254.133.188&apos;, os.name: &apos;Windows 10&apos;, os.arch: &apos;amd64&apos;, os.version: &apos;10.0&apos;, java.version: &apos;9.0.4&apos;
Driver info: org.openqa.selenium.firefox.FirefoxDriver
Capabilities [{moz:profile=C:\Users\123456\AppData\Local\Temp\rust_mozprofile.cfLaAPX7qUg0, rotatable=false, timeouts={implicit=0, pageLoad=300000, script=30000}, pageLoadStrategy=normal, moz:headless=false, platform=XP, moz:accessibilityChecks=false, moz:useNonSpecCompliantPointerOrigin=false, acceptInsecureCerts=true, browserVersion=62.0, platformVersion=10.0, moz:processID=5748, browserName=firefox, javascriptEnabled=true, platformName=XP, moz:webdriverClick=true}]
Session ID: 01678781-7fad-4975-bace-33447335e551"
              >
<![CDATA[org.openqa.selenium.WebDriverException: [Exception... "Failure"  nsresult: "0x80004005 (NS_ERROR_FAILURE)"  location: "JS frame :: chrome://marionette/content/driver.js :: GeckoDriver.prototype.maximizeWindow/windowSizeChange/< :: line 3067"  data: no]
Build info: version: '3.6.0', revision: '6fbf3ec767', time: '2017-09-27T16:15:40.131Z'
System info: host: 'LENOVO-PC', ip: '169.254.133.188', os.name: 'Windows 10', os.arch: 'amd64', os.version: '10.0', java.version: '9.0.4'
Driver info: org.openqa.selenium.firefox.FirefoxDriver
Capabilities [{moz:profile=C:\Users\123456\AppData\Local\Temp\rust_mozprofile.cfLaAPX7qUg0, rotatable=false, timeouts={implicit=0, pageLoad=300000, script=30000}, pageLoadStrategy=normal, moz:headless=false, platform=XP, moz:accessibilityChecks=false, moz:useNonSpecCompliantPointerOrigin=false, acceptInsecureCerts=true, browserVersion=62.0, platformVersion=10.0, moz:processID=5748, browserName=firefox, javascriptEnabled=true, platformName=XP, moz:webdriverClick=true}]
Session ID: 01678781-7fad-4975-bace-33447335e551
  java.base/jdk.internal.reflect.NativeConstructorAccessorImpl.newInstance0(Native Method)
  java.base/jdk.internal.reflect.NativeConstructorAccessorImpl.newInstance(Unknown Source)
  java.base/jdk.internal.reflect.DelegatingConstructorAccessorImpl.newInstance(Unknown Source)
  java.base/java.lang.reflect.Constructor.newInstance(Unknown Source)
  org.openqa.selenium.remote.http.W3CHttpResponseCodec.createException(W3CHttpResponseCodec.java:185)
  org.openqa.selenium.remote.http.W3CHttpResponseCodec.decode(W3CHttpResponseCodec.java:120)
  org.openqa.selenium.remote.http.W3CHttpResponseCodec.decode(W3CHttpResponseCodec.java:49)
  org.openqa.selenium.remote.HttpCommandExecutor.execute(HttpCommandExecutor.java:164)
  org.openqa.selenium.remote.service.DriverCommandExecutor.execute(DriverCommandExecutor.java:83)
  org.openqa.selenium.remote.RemoteWebDriver.execute(RemoteWebDriver.java:586)
  org.openqa.selenium.remote.RemoteWebDriver.execute(RemoteWebDriver.java:643)
  org.openqa.selenium.remote.RemoteWebDriver$RemoteWebDriverOptions$RemoteWindow.maximize(RemoteWebDriver.java:877)
  com.webtest.core.BaseTest.doBeforeSuite(BaseTest.java:73)
  jdk.internal.reflect.GeneratedMethodAccessor3.invoke(Unknown Source)
  java.base/jdk.internal.reflect.DelegatingMethodAccessorImpl.invoke(Unknown Source)
  java.base/java.lang.reflect.Method.invoke(Unknown Source)
  org.testng.internal.MethodInvocationHelper.invokeMethod(MethodInvocationHelper.java:124)
  org.testng.internal.MethodInvocationHelper.invokeMethodConsideringTimeout(MethodInvocationHelper.java:59)
  org.testng.internal.Invoker.invokeConfigurationMethod(Invoker.java:455)
  org.testng.internal.Invoker.invokeConfigurations(Invoker.java:222)
  org.testng.internal.Invoker.invokeConfigurations(Invoker.java:142)
  org.testng.internal.TestMethodWorker.invokeBeforeClassMethods(TestMethodWorker.java:168)
  org.testng.internal.TestMethodWorker.run(TestMethodWorker.java:105)
  org.testng.TestRunner.privateRun(TestRunner.java:648)
  org.testng.TestRunner.run(TestRunner.java:505)
  org.testng.SuiteRunner.runTest(SuiteRunner.java:455)
  org.testng.SuiteRunner.runSequentially(SuiteRunner.java:450)
  org.testng.SuiteRunner.privateRun(SuiteRunner.java:415)
  org.testng.SuiteRunner.run(SuiteRunner.java:364)
  org.testng.SuiteRunnerWorker.runSuite(SuiteRunnerWorker.java:52)
  org.testng.SuiteRunnerWorker.run(SuiteRunnerWorker.java:84)
  org.testng.TestNG.runSuitesSequentially(TestNG.java:1208)
  org.testng.TestNG.runSuitesLocally(TestNG.java:1137)
  org.testng.TestNG.runSuites(TestNG.java:1049)
  org.testng.TestNG.run(TestNG.java:1017)
  org.testng.remote.AbstractRemoteTestNG.run(AbstractRemoteTestNG.java:114)
  org.testng.remote.RemoteTestNG.initAndRun(RemoteTestNG.java:251)
  org.testng.remote.RemoteTestNG.main(RemoteTestNG.java:77)
]]>
      </failure>

          </testcase>
  
            <testcase name="doAfterMethod" time="0.0" classname="com.webtest.Knowledge.demo.Front_Test">
          <skipped />
    </testcase>
            <testcase name="Search3" time="0.0" classname="com.webtest.Knowledge.demo.Front_Test">
          <skipped />
    </testcase>
            <testcase name="Deletefile" time="0.0" classname="com.webtest.Knowledge.demo.Front_Test">
          <skipped />
    </testcase>
            <testcase name="Newfile5" time="0.0" classname="com.webtest.Knowledge.demo.Front_Test">
          <skipped />
    </testcase>
            <testcase name="Newfile4" time="0.0" classname="com.webtest.Knowledge.demo.Front_Test">
          <skipped />
    </testcase>
            <testcase name="Deletefile2" time="0.0" classname="com.webtest.Knowledge.demo.Front_Test">
          <skipped />
    </testcase>
            <testcase name="Move2" time="0.0" classname="com.webtest.Knowledge.demo.Front_Test">
          <skipped />
    </testcase>
            <testcase name="Tz6" time="0.0" classname="com.webtest.Knowledge.demo.Front_Test">
          <skipped />
    </testcase>
            <testcase name="Share" time="0.0" classname="com.webtest.Knowledge.demo.Front_Test">
          <skipped />
    </testcase>
            <testcase name="Newfile" time="0.0" classname="com.webtest.Knowledge.demo.Front_Test">
          <skipped />
    </testcase>
            <testcase name="Newfile3" time="0.0" classname="com.webtest.Knowledge.demo.Front_Test">
          <skipped />
    </testcase>
            <testcase name="Search4" time="0.0" classname="com.webtest.Knowledge.demo.Front_Test">
          <skipped />
    </testcase>
            <testcase name="Others" time="0.0" classname="com.webtest.Knowledge.demo.Front_Test">
          <skipped />
    </testcase>
            <testcase name="LoginFail" time="0.0" classname="com.webtest.Knowledge.demo.Front_Test">
          <skipped />
    </testcase>
            <testcase name="Forum2" time="0.0" classname="com.webtest.Knowledge.demo.Front_Test">
          <skipped />
    </testcase>
            <testcase name="Message2" time="0.0" classname="com.webtest.Knowledge.demo.Front_Test">
          <skipped />
    </testcase>
            <testcase name="LoginSuccess" time="0.0" classname="com.webtest.Knowledge.demo.Front_Test">
          <skipped />
    </testcase>
            <testcase name="Message3" time="0.0" classname="com.webtest.Knowledge.demo.Front_Test">
          <skipped />
    </testcase>
            <testcase name="Search5" time="0.0" classname="com.webtest.Knowledge.demo.Front_Test">
          <skipped />
    </testcase>
            <testcase name="DeleteKn" time="0.0" classname="com.webtest.Knowledge.demo.Front_Test">
          <skipped />
    </testcase>
            <testcase name="Tz2" time="0.0" classname="com.webtest.Knowledge.demo.Front_Test">
          <skipped />
    </testcase>
            <testcase name="Search6" time="0.0" classname="com.webtest.Knowledge.demo.Front_Test">
          <skipped />
    </testcase>
            <testcase name="KnowLedge" time="0.0" classname="com.webtest.Knowledge.demo.Front_Test">
          <skipped />
    </testcase>
            <testcase name="Search" time="0.0" classname="com.webtest.Knowledge.demo.Front_Test">
          <skipped />
    </testcase>
            <testcase name="Tz4" time="0.0" classname="com.webtest.Knowledge.demo.Front_Test">
          <skipped />
    </testcase>
            <testcase name="Move" time="0.0" classname="com.webtest.Knowledge.demo.Front_Test">
          <skipped />
    </testcase>
            <testcase name="Deletekn2" time="0.0" classname="com.webtest.Knowledge.demo.Front_Test">
          <skipped />
    </testcase>
            <testcase name="Tz" time="0.0" classname="com.webtest.Knowledge.demo.Front_Test">
          <skipped />
    </testcase>
            <testcase name="Tz5" time="0.0" classname="com.webtest.Knowledge.demo.Front_Test">
          <skipped />
    </testcase>
            <testcase name="Rename" time="0.0" classname="com.webtest.Knowledge.demo.Front_Test">
          <skipped />
    </testcase>
            <testcase name="Deletefile3" time="0.0" classname="com.webtest.Knowledge.demo.Front_Test">
          <skipped />
    </testcase>
            <testcase name="Message" time="0.0" classname="com.webtest.Knowledge.demo.Front_Test">
          <skipped />
    </testcase>
            <testcase name="Search2" time="0.0" classname="com.webtest.Knowledge.demo.Front_Test">
          <skipped />
    </testcase>
            <testcase name="Newfile2" time="0.0" classname="com.webtest.Knowledge.demo.Front_Test">
          <skipped />
    </testcase>
            <testcase name="Forum" time="0.0" classname="com.webtest.Knowledge.demo.Front_Test">
          <skipped />
    </testcase>
            <testcase name="Tz3" time="0.0" classname="com.webtest.Knowledge.demo.Front_Test">
          <skipped />
    </testcase>
            <testcase name="Forum3" time="0.0" classname="com.webtest.Knowledge.demo.Front_Test">
          <skipped />
    </testcase>
            <testcase name="Deletefile4" time="0.0" classname="com.webtest.Knowledge.demo.Front_Test">
          <skipped />
    </testcase>
  
  
</testsuite>
