<?xml version="1.0" encoding="UTF-8"?>
<testsuite name="HumanResources"
           tests="19"
           failures="1"
           errors="0"
           skipped="18"
           time="14.426">
  <properties />
            <testcase name="doBeforeSuite" time="14.426" classname="com.webtest.HumanResources.demo.Front_Login_Test">
                <failure type="org.openqa.selenium.WebDriverException"
                  message="Failed to decode response from marionette
Build info: version: &apos;3.6.0&apos;, revision: &apos;6fbf3ec767&apos;, time: &apos;2017-09-27T16:15:40.131Z&apos;
System info: host: &apos;LENOVO-PC&apos;, ip: &apos;169.254.133.188&apos;, os.name: &apos;Windows 10&apos;, os.arch: &apos;amd64&apos;, os.version: &apos;10.0&apos;, java.version: &apos;9.0.4&apos;
Driver info: org.openqa.selenium.firefox.FirefoxDriver
Capabilities [{moz:profile=C:\Users\123456\AppData\Local\Temp\rust_mozprofile.ggdd6Bf2hK2p, rotatable=false, timeouts={implicit=0, pageLoad=300000, script=30000}, pageLoadStrategy=normal, moz:headless=false, platform=XP, moz:accessibilityChecks=false, moz:useNonSpecCompliantPointerOrigin=false, acceptInsecureCerts=true, browserVersion=62.0, platformVersion=10.0, moz:processID=12100, browserName=firefox, javascriptEnabled=true, platformName=XP, moz:webdriverClick=true}]
Session ID: c427ea08-3a3a-4d45-b45c-aac3e052cd2d"
              >
<![CDATA[org.openqa.selenium.WebDriverException: Failed to decode response from marionette
Build info: version: '3.6.0', revision: '6fbf3ec767', time: '2017-09-27T16:15:40.131Z'
System info: host: 'LENOVO-PC', ip: '169.254.133.188', os.name: 'Windows 10', os.arch: 'amd64', os.version: '10.0', java.version: '9.0.4'
Driver info: org.openqa.selenium.firefox.FirefoxDriver
Capabilities [{moz:profile=C:\Users\123456\AppData\Local\Temp\rust_mozprofile.ggdd6Bf2hK2p, rotatable=false, timeouts={implicit=0, pageLoad=300000, script=30000}, pageLoadStrategy=normal, moz:headless=false, platform=XP, moz:accessibilityChecks=false, moz:useNonSpecCompliantPointerOrigin=false, acceptInsecureCerts=true, browserVersion=62.0, platformVersion=10.0, moz:processID=12100, browserName=firefox, javascriptEnabled=true, platformName=XP, moz:webdriverClick=true}]
Session ID: c427ea08-3a3a-4d45-b45c-aac3e052cd2d
  java.base/jdk.internal.reflect.NativeConstructorAccessorImpl.newInstance0(Native Method)
  java.base/jdk.internal.reflect.NativeConstructorAccessorImpl.newInstance(Unknown Source)
  java.base/jdk.internal.reflect.DelegatingConstructorAccessorImpl.newInstance(Unknown Source)
  java.base/java.lang.reflect.Constructor.newInstance(Unknown Source)
  org.openqa.selenium.remote.http.W3CHttpResponseCodec.createException(W3CHttpResponseCodec.java:185)
  org.openqa.selenium.remote.http.W3CHttpResponseCodec.decode(W3CHttpResponseCodec.java:120)
  org.openqa.selenium.remote.http.W3CHttpResponseCodec.decode(W3CHttpResponseCodec.java:49)
  org.openqa.selenium.remote.HttpCommandExecutor.execute(HttpCommandExecutor.java:164)
  org.openqa.selenium.remote.service.DriverCommandExecutor.execute(DriverCommandExecutor.java:83)
  org.openqa.selenium.remote.RemoteWebDriver.execute(RemoteWebDriver.java:586)
  org.openqa.selenium.remote.RemoteWebDriver.execute(RemoteWebDriver.java:643)
  org.openqa.selenium.remote.RemoteWebDriver$RemoteWebDriverOptions$RemoteWindow.maximize(RemoteWebDriver.java:877)
  com.webtest.core.WebDriverEngine.<init>(WebDriverEngine.java:61)
  com.webtest.core.BaseTest.doBeforeSuite(BaseTest.java:75)
  jdk.internal.reflect.GeneratedMethodAccessor3.invoke(Unknown Source)
  java.base/jdk.internal.reflect.DelegatingMethodAccessorImpl.invoke(Unknown Source)
  java.base/java.lang.reflect.Method.invoke(Unknown Source)
  org.testng.internal.MethodInvocationHelper.invokeMethod(MethodInvocationHelper.java:124)
  org.testng.internal.MethodInvocationHelper.invokeMethodConsideringTimeout(MethodInvocationHelper.java:59)
  org.testng.internal.Invoker.invokeConfigurationMethod(Invoker.java:455)
  org.testng.internal.Invoker.invokeConfigurations(Invoker.java:222)
  org.testng.internal.Invoker.invokeConfigurations(Invoker.java:142)
  org.testng.internal.TestMethodWorker.invokeBeforeClassMethods(TestMethodWorker.java:168)
  org.testng.internal.TestMethodWorker.run(TestMethodWorker.java:105)
  org.testng.TestRunner.privateRun(TestRunner.java:648)
  org.testng.TestRunner.run(TestRunner.java:505)
  org.testng.SuiteRunner.runTest(SuiteRunner.java:455)
  org.testng.SuiteRunner.runSequentially(SuiteRunner.java:450)
  org.testng.SuiteRunner.privateRun(SuiteRunner.java:415)
  org.testng.SuiteRunner.run(SuiteRunner.java:364)
  org.testng.SuiteRunnerWorker.runSuite(SuiteRunnerWorker.java:52)
  org.testng.SuiteRunnerWorker.run(SuiteRunnerWorker.java:84)
  org.testng.TestNG.runSuitesSequentially(TestNG.java:1208)
  org.testng.TestNG.runSuitesLocally(TestNG.java:1137)
  org.testng.TestNG.runSuites(TestNG.java:1049)
  org.testng.TestNG.run(TestNG.java:1017)
  org.testng.remote.AbstractRemoteTestNG.run(AbstractRemoteTestNG.java:114)
  org.testng.remote.RemoteTestNG.initAndRun(RemoteTestNG.java:251)
  org.testng.remote.RemoteTestNG.main(RemoteTestNG.java:77)
]]>
      </failure>

          </testcase>
  
            <testcase name="doAfterMethod" time="0.0" classname="com.webtest.HumanResources.demo.Front_Login_Test">
          <skipped />
    </testcase>
            <testcase name="XinJianHeTong_Test" time="0.0" classname="com.webtest.HumanResources.demo.Front_Login_Test">
          <skipped />
    </testcase>
            <testcase name="CanYu_Test" time="0.0" classname="com.webtest.HumanResources.demo.Front_Login_Test">
          <skipped />
    </testcase>
            <testcase name="DaoChu_Test" time="0.0" classname="com.webtest.HumanResources.demo.Front_Login_Test">
          <skipped />
    </testcase>
            <testcase name="HengChaiDan_Test" time="0.0" classname="com.webtest.HumanResources.demo.Front_Login_Test">
          <skipped />
    </testcase>
            <testcase name="ShanChuOne_Test" time="0.0" classname="com.webtest.HumanResources.demo.Front_Login_Test">
          <skipped />
    </testcase>
            <testcase name="BianHaoChaXun_Test" time="0.0" classname="com.webtest.HumanResources.demo.Front_Login_Test">
          <skipped />
    </testcase>
            <testcase name="ZhouQi_Test" time="0.0" classname="com.webtest.HumanResources.demo.Front_Login_Test">
          <skipped />
    </testcase>
            <testcase name="JiLu_Test" time="0.0" classname="com.webtest.HumanResources.demo.Front_Login_Test">
          <skipped />
    </testcase>
            <testcase name="LeiXingChaXun_Test" time="0.0" classname="com.webtest.HumanResources.demo.Front_Login_Test">
          <skipped />
    </testcase>
            <testcase name="QuanXuanShanChu_Test" time="0.0" classname="com.webtest.HumanResources.demo.Front_Login_Test">
          <skipped />
    </testcase>
            <testcase name="CaiDanTongBu_Test" time="0.0" classname="com.webtest.HumanResources.demo.Front_Login_Test">
          <skipped />
    </testcase>
            <testcase name="Time_Test" time="0.0" classname="com.webtest.HumanResources.demo.Front_Login_Test">
          <skipped />
    </testcase>
            <testcase name="setup" time="0.0" classname="com.webtest.HumanResources.demo.Front_Login_Test">
          <skipped />
    </testcase>
            <testcase name="ShanChuMore_Test" time="0.0" classname="com.webtest.HumanResources.demo.Front_Login_Test">
          <skipped />
    </testcase>
            <testcase name="XueLiShanChu" time="0.0" classname="com.webtest.HumanResources.demo.Front_Login_Test">
          <skipped />
    </testcase>
            <testcase name="FaBuJiangCheng_Test" time="0.0" classname="com.webtest.HumanResources.demo.Front_Login_Test">
          <skipped />
    </testcase>
            <testcase name="FaBu_Test" time="0.0" classname="com.webtest.HumanResources.demo.Front_Login_Test">
          <skipped />
    </testcase>
  
  
</testsuite>
